<?xml version="1.0" encoding="UTF-8"?>
<testsuite xmlns:xsi="http://www.w3.org/2001/XMLSchema-instance" xsi:noNamespaceSchemaLocation="https://maven.apache.org/surefire/maven-surefire-plugin/xsd/surefire-test-report.xsd" name="TestSuite" time="187.499" tests="4" errors="0" skipped="0" failures="0">
  <properties>
[...]
</properties>
  <testcase name="runScenario" classname="runners.RunFeatures" time="45.568"/>
  <testcase name="runScenario" classname="runners.RunFeatures" time="42.296"/>
  <testcase name="runScenario" classname="runners.RunFeatures" time="32.304"/>
  <testcase name="runScenario" classname="runners.RunFeatures" time="48.19"/>
</testsuite>