<?xml version="1.0" encoding="UTF-8"?>
<testng-results ignored="0" total="4" passed="4" failed="0" skipped="0">
  <reporter-output>
  </reporter-output>
  <suite started-at="2025-04-12T16:14:31Z" name="Regression Suite" finished-at="2025-04-12T16:17:38Z" duration-ms="187032">
    <groups>
      <group name="cucumber">
        <method signature="AbstractTestNGCucumberTests.runScenario(cucumber.api.testng.PickleEventWrapper, cucumber.api.testng.CucumberFeatureWrapper)[pri:0, instance:runners.RunFeatures@6ad82709]" name="runScenario" class="cucumber.api.testng.AbstractTestNGCucumberTests"/>
      </group> <!-- cucumber -->
    </groups>
    <test started-at="2025-04-12T16:14:31Z" name="Aurora Real Device SamSung Galaxy S21" finished-at="2025-04-12T16:17:38Z" duration-ms="187032">
      <class name="runners.RunFeatures">
        <test-method is-config="true" signature="loadHubURL(java.lang.String)[pri:0, instance:runners.RunFeatures@6ad82709]" started-at="2025-04-12T16:14:31Z" name="loadHubURL" finished-at="2025-04-12T16:14:31Z" duration-ms="9" status="PASS">
          <params>
            <param index="0">
              <value>
                <![CDATA[http://localhost:4723/wd/hub]]>
              </value>
            </param>
          </params>
          <reporter-output>
          </reporter-output>
        </test-method> <!-- loadHubURL -->
        <test-method is-config="true" signature="setUpClass()[pri:0, instance:runners.RunFeatures@6ad82709]" started-at="2025-04-12T16:14:31Z" name="setUpClass" finished-at="2025-04-12T16:14:31Z" duration-ms="125" status="PASS">
          <reporter-output>
          </reporter-output>
        </test-method> <!-- setUpClass -->
        <test-method is-config="true" signature="setUp(java.lang.String, java.lang.String, java.lang.String, java.lang.String, java.lang.String, java.lang.String, java.lang.String, java.lang.String)[pri:0, instance:runners.RunFeatures@6ad82709]" started-at="2025-04-12T16:14:31Z" name="setUp" finished-at="2025-04-12T16:14:49Z" duration-ms="17237" status="PASS">
          <params>
            <param index="0">
              <value>
                <![CDATA[SM_G991B]]>
              </value>
            </param>
            <param index="1">
              <value>
                <![CDATA[RF8TC0CDQMA]]>
              </value>
            </param>
            <param index="2">
              <value>
                <![CDATA[Android]]>
              </value>
            </param>
            <param index="3">
              <value>
                <![CDATA[13]]>
              </value>
            </param>
            <param index="4">
              <value>
                <![CDATA[uiautomator2]]>
              </value>
            </param>
            <param index="5">
              <value>
                <![CDATA[/Users/cuong.h.tran/Downloads/Final_Exam_MacroDroid.apk]]>
              </value>
            </param>
            <param index="6">
              <value>
                <![CDATA[com.arlosoft.macrodroid]]>
              </value>
            </param>
            <param index="7">
              <value>
                <![CDATA[com.arlosoft.macrodroid.intro.IntroActivity]]>
              </value>
            </param>
          </params>
          <reporter-output>
          </reporter-output>
        </test-method> <!-- setUp -->
        <test-method signature="runScenario(cucumber.api.testng.PickleEventWrapper, cucumber.api.testng.CucumberFeatureWrapper)[pri:0, instance:runners.RunFeatures@6ad82709]" started-at="2025-04-12T16:14:49Z" name="runScenario" description="Runs Cucumber Scenarios" data-provider="scenarios" finished-at="2025-04-12T16:15:34Z" duration-ms="45567" status="PASS">
          <params>
            <param index="0">
              <value>
                <![CDATA["TC2 - Verify that the user is able to add three consecutive action block successfully"]]>
              </value>
            </param>
            <param index="1">
              <value>
                <![CDATA["Action Block"]]>
              </value>
            </param>
          </params>
          <reporter-output>
          </reporter-output>
        </test-method> <!-- runScenario -->
        <test-method signature="runScenario(cucumber.api.testng.PickleEventWrapper, cucumber.api.testng.CucumberFeatureWrapper)[pri:0, instance:runners.RunFeatures@6ad82709]" started-at="2025-04-12T16:15:34Z" name="runScenario" description="Runs Cucumber Scenarios" data-provider="scenarios" finished-at="2025-04-12T16:16:16Z" duration-ms="42297" status="PASS">
          <params>
            <param index="0">
              <value>
                <![CDATA["TC1 - Verify that the user is able to add three consecutive macros successfully"]]>
              </value>
            </param>
            <param index="1">
              <value>
                <![CDATA["Macro page"]]>
              </value>
            </param>
          </params>
          <reporter-output>
          </reporter-output>
        </test-method> <!-- runScenario -->
        <test-method signature="runScenario(cucumber.api.testng.PickleEventWrapper, cucumber.api.testng.CucumberFeatureWrapper)[pri:0, instance:runners.RunFeatures@6ad82709]" started-at="2025-04-12T16:16:16Z" name="runScenario" description="Runs Cucumber Scenarios" data-provider="scenarios" finished-at="2025-04-12T16:16:49Z" duration-ms="32304" status="PASS">
          <params>
            <param index="0">
              <value>
                <![CDATA["TC4 - Verify that the user is able to create - play - pause - reset StopWatch"]]>
              </value>
            </param>
            <param index="1">
              <value>
                <![CDATA["StopWatch screen"]]>
              </value>
            </param>
          </params>
          <reporter-output>
          </reporter-output>
        </test-method> <!-- runScenario -->
        <test-method signature="runScenario(cucumber.api.testng.PickleEventWrapper, cucumber.api.testng.CucumberFeatureWrapper)[pri:0, instance:runners.RunFeatures@6ad82709]" started-at="2025-04-12T16:16:49Z" name="runScenario" description="Runs Cucumber Scenarios" data-provider="scenarios" finished-at="2025-04-12T16:17:37Z" duration-ms="48190" status="PASS">
          <params>
            <param index="0">
              <value>
                <![CDATA["TC3 - Verify that the user is able to add - update - delete Variables"]]>
              </value>
            </param>
            <param index="1">
              <value>
                <![CDATA["Variable page"]]>
              </value>
            </param>
          </params>
          <reporter-output>
          </reporter-output>
        </test-method> <!-- runScenario -->
        <test-method is-config="true" signature="tearDown()[pri:0, instance:runners.RunFeatures@6ad82709]" started-at="2025-04-12T16:17:37Z" name="tearDown" finished-at="2025-04-12T16:17:38Z" duration-ms="1109" status="PASS">
          <reporter-output>
          </reporter-output>
        </test-method> <!-- tearDown -->
        <test-method is-config="true" signature="tearDownClass()[pri:0, instance:runners.RunFeatures@6ad82709]" started-at="2025-04-12T16:17:38Z" name="tearDownClass" finished-at="2025-04-12T16:17:38Z" duration-ms="138" status="PASS">
          <reporter-output>
          </reporter-output>
        </test-method> <!-- tearDownClass -->
        <test-method is-config="true" signature="suitEnd()[pri:0, instance:runners.RunFeatures@6ad82709]" started-at="2025-04-12T16:17:38Z" name="suitEnd" finished-at="2025-04-12T16:17:38Z" duration-ms="1" status="PASS">
          <reporter-output>
          </reporter-output>
        </test-method> <!-- suitEnd -->
      </class> <!-- runners.RunFeatures -->
    </test> <!-- Aurora Real Device SamSung Galaxy S21 -->
  </suite> <!-- Regression Suite -->
</testng-results>
