<?xml version="1.0" encoding="UTF-8"?>
<!-- Generated by org.testng.reporters.JUnitXMLReporter -->
<testsuite ignored="0" hostname="ENC02CX0WFML7L" failures="0" tests="4" name="Aurora Real Device SamSung Galaxy S21" time="187.032" errors="0" timestamp="12 Apr 2025 16:17:38 GMT">
  <testcase classname="cucumber.api.testng.AbstractTestNGCucumberTests" name="runScenario" time="45.567"/>
  <testcase classname="cucumber.api.testng.AbstractTestNGCucumberTests" name="runScenario" time="42.297"/>
  <testcase classname="cucumber.api.testng.AbstractTestNGCucumberTests" name="runScenario" time="32.304"/>
  <testcase classname="cucumber.api.testng.AbstractTestNGCucumberTests" name="runScenario" time="48.19"/>
</testsuite> <!-- Aurora Real Device SamSung Galaxy S21 -->
